0 info it worked if it ends with ok
1 verbose cli [ '/usr/local/bin/node',
1 verbose cli   '/usr/local/bin/npm',
1 verbose cli   'uninstall',
1 verbose cli   'gulp' ]
2 info using npm@2.14.7
3 info using node@v4.2.2
4 verbose unbuild node_modules/gulp
5 info preuninstall gulp@3.9.0
6 info uninstall gulp@3.9.0
7 verbose unbuild rmStuff gulp@3.9.0 from /Users/tomchristian/www/sandbox/html/secret-escapes-test/node_modules
8 silly gentlyRm /Users/tomchristian/www/sandbox/html/secret-escapes-test/node_modules/.bin/gulp is being gently removed
9 silly gentlyRm verifying /Users/tomchristian/www/sandbox/html/secret-escapes-test is an npm working directory
10 silly gentlyRm containing path /Users/tomchristian/www/sandbox/html/secret-escapes-test is under npm's control, in /Users/tomchristian/www/sandbox/html/secret-escapes-test
11 silly gentlyRm deletion target /Users/tomchristian/www/sandbox/html/secret-escapes-test/node_modules/.bin/gulp is under /Users/tomchristian/www/sandbox/html/secret-escapes-test
12 verbose gentlyRm vacuuming from /Users/tomchristian/www/sandbox/html/secret-escapes-test/node_modules/.bin/gulp up to /Users/tomchristian/www/sandbox/html/secret-escapes-test
13 silly vacuum-fs removing /Users/tomchristian/www/sandbox/html/secret-escapes-test/node_modules/.bin/gulp
14 verbose stack Error: EACCES: permission denied, unlink '/Users/tomchristian/www/sandbox/html/secret-escapes-test/node_modules/.bin/gulp'
14 verbose stack     at Error (native)
15 verbose cwd /Users/tomchristian/www/sandbox/html/secret-escapes-test
16 error Darwin 15.0.0
17 error argv "/usr/local/bin/node" "/usr/local/bin/npm" "uninstall" "gulp"
18 error node v4.2.2
19 error npm  v2.14.7
20 error path /Users/tomchristian/www/sandbox/html/secret-escapes-test/node_modules/.bin/gulp
21 error code EACCES
22 error errno -13
23 error syscall unlink
24 error Error: EACCES: permission denied, unlink '/Users/tomchristian/www/sandbox/html/secret-escapes-test/node_modules/.bin/gulp'
24 error     at Error (native)
24 error  { [Error: EACCES: permission denied, unlink '/Users/tomchristian/www/sandbox/html/secret-escapes-test/node_modules/.bin/gulp']
24 error   errno: -13,
24 error   code: 'EACCES',
24 error   syscall: 'unlink',
24 error   path: '/Users/tomchristian/www/sandbox/html/secret-escapes-test/node_modules/.bin/gulp' }
25 error Please try running this command again as root/Administrator.
26 verbose exit [ -13, true ]
